<?xml version="1.0" encoding="UTF-8"?>
<testng-results ignored="0" total="1" passed="0" failed="1" skipped="0">
  <reporter-output>
  </reporter-output>
  <suite started-at="2025-09-03T15:36:39 BST" name="runnerFiles.runArgosTest" finished-at="2025-09-03T15:36:48 BST" duration-ms="9092">
    <groups>
      <group name="cucumber">
        <method signature="AbstractTestNGCucumberTests.runScenario(io.cucumber.testng.PickleWrapper,io.cucumber.testng.FeatureWrapper)[pri:0, instance:runnerFiles.runArgosTest@23529fee]" name="runScenario" class="io.cucumber.testng.AbstractTestNGCucumberTests"/>
      </group> <!-- cucumber -->
    </groups>
    <test started-at="2025-09-03T15:36:39 BST" name="Command line test" finished-at="2025-09-03T15:36:48 BST" duration-ms="9092">
      <class name="runnerFiles.runArgosTest">
        <test-method is-config="true" signature="setUpClass(org.testng.ITestContext)[pri:0, instance:runnerFiles.runArgosTest@23529fee]" started-at="2025-09-03T15:36:39 BST" name="setUpClass" finished-at="2025-09-03T15:36:40 BST" duration-ms="588" status="PASS">
          <params>
            <param index="0">
              <value>
                <![CDATA[org.testng.TestRunner@7b66322e]]>
              </value>
            </param>
          </params>
          <reporter-output>
          </reporter-output>
        </test-method> <!-- setUpClass -->
        <test-method signature="runScenario(io.cucumber.testng.PickleWrapper,io.cucumber.testng.FeatureWrapper)[pri:0, instance:runnerFiles.runArgosTest@23529fee]" started-at="2025-09-03T15:36:40 BST" name="runScenario" description="Runs Cucumber Scenarios" data-provider="scenarios" finished-at="2025-09-03T15:36:48 BST" duration-ms="8390" status="FAIL">
          <params>
            <param index="0">
              <value>
                <![CDATA["Search and add product to Argos basket"]]>
              </value>
            </param>
            <param index="1">
              <value>
                <![CDATA["Argos Product Purchase Flow"]]>
              </value>
            </param>
          </params>
          <exception class="java.lang.AssertionError">
            <message>
              <![CDATA[Search results do not match expected product expected [true] but found [false]]]>
            </message>
            <full-stacktrace>
              <![CDATA[java.lang.AssertionError: Search results do not match expected product expected [true] but found [false]
at org.testng.Assert.fail(Assert.java:111)
at org.testng.Assert.failNotEquals(Assert.java:1590)
at org.testng.Assert.assertTrue(Assert.java:57)
at stepDefenition.argosDef.i_should_see_search_results_for(argosDef.java:46)
at âœ½.I should see search results for "lenovo ideapad"(file:///C:/Users/maria/eclipse-workspace/cucumber_maven_selenium/src/test/resources/featureFile/argos.feature:7)
]]>
            </full-stacktrace>
          </exception> <!-- java.lang.AssertionError -->
          <reporter-output>
          </reporter-output>
        </test-method> <!-- runScenario -->
        <test-method is-config="true" signature="tearDownClass()[pri:0, instance:runnerFiles.runArgosTest@23529fee]" started-at="2025-09-03T15:36:48 BST" name="tearDownClass" finished-at="2025-09-03T15:36:48 BST" duration-ms="68" status="PASS">
          <reporter-output>
          </reporter-output>
        </test-method> <!-- tearDownClass -->
      </class> <!-- runnerFiles.runArgosTest -->
    </test> <!-- Command line test -->
  </suite> <!-- runnerFiles.runArgosTest -->
</testng-results>
