<?xml version="1.0" encoding="UTF-8"?>
<!-- Generated by org.testng.reporters.JUnitReportReporter -->
<testsuite hostname="LAPTOP-U1UJUPKC" failures="1" tests="1" name="runnerFiles.runArgosTest" time="8.390" errors="0" timestamp="2025-09-03T15:36:49 BST" skipped="0">
  <testcase classname="runnerFiles.runArgosTest" name="runScenario" time="8.390">
    <failure message="Search results do not match expected product expected [true] but found [false]" type="java.lang.AssertionError">
      <![CDATA[java.lang.AssertionError: Search results do not match expected product expected [true] but found [false]
at org.testng.Assert.fail(Assert.java:111)
at org.testng.Assert.failNotEquals(Assert.java:1590)
at org.testng.Assert.assertTrue(Assert.java:57)
at stepDefenition.argosDef.i_should_see_search_results_for(argosDef.java:46)
at âœ½.I should see search results for "lenovo ideapad"(file:///C:/Users/maria/eclipse-workspace/cucumber_maven_selenium/src/test/resources/featureFile/argos.feature:7)
]]>
    </failure>
  </testcase> <!-- runScenario -->
</testsuite> <!-- runnerFiles.runArgosTest -->
