<?xml version="1.0" encoding="UTF-8"?>
<!-- Generated by org.testng.reporters.JUnitXMLReporter -->
<testsuite ignored="0" hostname="LAPTOP-U1UJUPKC" failures="1" tests="1" name="Command line test" time="9.092" errors="0" timestamp="2025-09-03T15:36:48 BST">
  <testcase classname="io.cucumber.testng.AbstractTestNGCucumberTests" name="runScenario" time="8.39">
    <failure type="java.lang.AssertionError" message="Search results do not match expected product expected [true] but found [false]">
      <![CDATA[java.lang.AssertionError: Search results do not match expected product expected [true] but found [false]
at stepDefenition.argosDef.i_should_see_search_results_for(argosDef.java:46)
at âœ½.I should see search results for "lenovo ideapad"(file:///C:/Users/maria/eclipse-workspace/cucumber_maven_selenium/src/test/resources/featureFile/argos.feature:7)
... Removed 3 stack frames]]>
    </failure>
  </testcase> <!-- runScenario -->
</testsuite> <!-- Command line test -->
